d:\workspace\bot\debug\vc142.pdb
d:\workspace\bot\debug\vc142.idb
d:\workspace\bot\debug\bot_utils.obj
d:\workspace\bot\debug\bot_main.obj
d:\workspace\bot\debug\bot_log.obj
d:\workspace\bot\debug\bot_csvreader.obj
d:\workspace\bot\debug\bot_config.obj
d:\workspace\bot\debug\bot_timedeltasmoother.obj
d:\workspace\bot\debug\bot_app.obj
d:\workspace\bot\debug\bot_vertexarray.obj
d:\workspace\bot\debug\bot_texture.obj
d:\workspace\bot\debug\bot_simpleshaderprogram.obj
d:\workspace\bot\debug\bot_shaderprogram.obj
d:\workspace\bot\debug\bot_queue.obj
d:\workspace\bot\debug\bot_inputmanager.obj
d:\workspace\bot\debug\bot_inputevent.obj
d:\workspace\bot\debug\bot.exe
d:\workspace\bot\debug\bot.ilk
d:\workspace\bot\debug\bot.pdb
d:\workspace\bot\debug\bot.tlog\cl.command.1.tlog
d:\workspace\bot\debug\bot.tlog\cl.read.1.tlog
d:\workspace\bot\debug\bot.tlog\cl.write.1.tlog
d:\workspace\bot\debug\bot.tlog\link-cvtres.read.1.tlog
d:\workspace\bot\debug\bot.tlog\link-cvtres.write.1.tlog
d:\workspace\bot\debug\bot.tlog\link-rc.read.1.tlog
d:\workspace\bot\debug\bot.tlog\link-rc.write.1.tlog
d:\workspace\bot\debug\bot.tlog\link.9092-cvtres.read.1.tlog
d:\workspace\bot\debug\bot.tlog\link.9092-cvtres.write.1.tlog
d:\workspace\bot\debug\bot.tlog\link.9092-rc.read.1.tlog
d:\workspace\bot\debug\bot.tlog\link.9092-rc.write.1.tlog
d:\workspace\bot\debug\bot.tlog\link.9092.read.1.tlog
d:\workspace\bot\debug\bot.tlog\link.9092.write.1.tlog
d:\workspace\bot\debug\bot.tlog\link.command.1.tlog
d:\workspace\bot\debug\bot.tlog\link.read.1.tlog
d:\workspace\bot\debug\bot.tlog\link.write.1.tlog
