c:\users\mengchun\documents\chun_private\bot\x64\debug\vc142.pdb
c:\users\mengchun\documents\chun_private\bot\x64\debug\vc142.idb
c:\users\mengchun\documents\chun_private\bot\x64\debug\bot_polygon.obj
c:\users\mengchun\documents\chun_private\bot\x64\debug\bot_objectpool.obj
c:\users\mengchun\documents\chun_private\bot\x64\debug\bot_nameidmap.obj
c:\users\mengchun\documents\chun_private\bot\x64\debug\bot_main.obj
c:\users\mengchun\documents\chun_private\bot\x64\debug\bot_log.obj
c:\users\mengchun\documents\chun_private\bot\x64\debug\bot_linkeditem.obj
c:\users\mengchun\documents\chun_private\bot\x64\debug\bot_inputmanager.obj
c:\users\mengchun\documents\chun_private\bot\x64\debug\bot_inputevent.obj
c:\users\mengchun\documents\chun_private\bot\x64\debug\bot_gamescreen.obj
c:\users\mengchun\documents\chun_private\bot\x64\debug\bot_gameobjecttemplate.obj
c:\users\mengchun\documents\chun_private\bot\x64\debug\bot_gameobject.obj
c:\users\mengchun\documents\chun_private\bot\x64\debug\bot_gamelib.obj
c:\users\mengchun\documents\chun_private\bot\x64\debug\bot_csvreader.obj
c:\users\mengchun\documents\chun_private\bot\x64\debug\bot_config.obj
c:\users\mengchun\documents\chun_private\bot\x64\debug\bot_componenttemplate.obj
c:\users\mengchun\documents\chun_private\bot\x64\debug\bot_component.obj
c:\users\mengchun\documents\chun_private\bot\x64\debug\bot_color.obj
c:\users\mengchun\documents\chun_private\bot\x64\debug\bot_collisionrect.obj
c:\users\mengchun\documents\chun_private\bot\x64\debug\bot_app.obj
c:\users\mengchun\documents\chun_private\bot\x64\debug\bot_abilitytemplate.obj
c:\users\mengchun\documents\chun_private\bot\x64\debug\bot_testnameidmap.obj
c:\users\mengchun\documents\chun_private\bot\x64\debug\bot_testmain.obj
c:\users\mengchun\documents\chun_private\bot\x64\debug\bot_vertexarray.obj
c:\users\mengchun\documents\chun_private\bot\x64\debug\bot_utils.obj
c:\users\mengchun\documents\chun_private\bot\x64\debug\bot_timedeltasmoother.obj
c:\users\mengchun\documents\chun_private\bot\x64\debug\bot_texture.obj
c:\users\mengchun\documents\chun_private\bot\x64\debug\bot_textsystem.obj
c:\users\mengchun\documents\chun_private\bot\x64\debug\bot_startscreen.obj
c:\users\mengchun\documents\chun_private\bot\x64\debug\bot_simpleshaderprogram.obj
c:\users\mengchun\documents\chun_private\bot\x64\debug\bot_shape.obj
c:\users\mengchun\documents\chun_private\bot\x64\debug\bot_shaderprogram.obj
c:\users\mengchun\documents\chun_private\bot\x64\debug\bot_screenmanager.obj
c:\users\mengchun\documents\chun_private\bot\x64\debug\bot_screen.obj
c:\users\mengchun\documents\chun_private\bot\x64\debug\bot_rectangle.obj
c:\users\mengchun\documents\chun_private\bot\x64\debug\bot_queue.obj
c:\users\mengchun\documents\chun_private\bot\x64\debug\bot.exe
c:\users\mengchun\documents\chun_private\bot\x64\debug\bot.ilk
c:\users\mengchun\documents\chun_private\bot\x64\debug\bot.pdb
d:\workspace\bot\x64\debug\bot_abilitytemplate.obj
d:\workspace\bot\x64\debug\bot_app.obj
d:\workspace\bot\x64\debug\bot_collisionrect.obj
d:\workspace\bot\x64\debug\bot_color.obj
d:\workspace\bot\x64\debug\bot_component.obj
d:\workspace\bot\x64\debug\bot_componenttemplate.obj
d:\workspace\bot\x64\debug\bot_config.obj
d:\workspace\bot\x64\debug\bot_csvreader.obj
d:\workspace\bot\x64\debug\bot_gamelib.obj
d:\workspace\bot\x64\debug\bot_gameobject.obj
d:\workspace\bot\x64\debug\bot_gameobjecttemplate.obj
d:\workspace\bot\x64\debug\bot_gamescreen.obj
d:\workspace\bot\x64\debug\bot_inputevent.obj
d:\workspace\bot\x64\debug\bot_inputmanager.obj
d:\workspace\bot\x64\debug\bot_linkeditem.obj
d:\workspace\bot\x64\debug\bot_log.obj
d:\workspace\bot\x64\debug\bot_main.obj
d:\workspace\bot\x64\debug\bot_nameidmap.obj
d:\workspace\bot\x64\debug\bot_objectpool.obj
d:\workspace\bot\x64\debug\bot_polygon.obj
d:\workspace\bot\x64\debug\bot_queue.obj
d:\workspace\bot\x64\debug\bot_rectangle.obj
d:\workspace\bot\x64\debug\bot_screen.obj
d:\workspace\bot\x64\debug\bot_screenmanager.obj
d:\workspace\bot\x64\debug\bot_shaderprogram.obj
d:\workspace\bot\x64\debug\bot_shape.obj
d:\workspace\bot\x64\debug\bot_simpleshaderprogram.obj
d:\workspace\bot\x64\debug\bot_startscreen.obj
d:\workspace\bot\x64\debug\bot_textsystem.obj
d:\workspace\bot\x64\debug\bot_texture.obj
d:\workspace\bot\x64\debug\bot_timedeltasmoother.obj
d:\workspace\bot\x64\debug\bot_utils.obj
d:\workspace\bot\x64\debug\bot_vertexarray.obj
d:\workspace\bot\x64\debug\bot.ilk
d:\workspace\bot\x64\debug\vc142.idb
d:\workspace\bot\x64\debug\bot.pdb
d:\workspace\bot\x64\debug\vc142.pdb
d:\workspace\bot\x64\debug\bot.exe
d:\workspace\bot\x64\debug\bot.tlog\cl.command.1.tlog
d:\workspace\bot\x64\debug\bot.tlog\cl.read.1.tlog
d:\workspace\bot\x64\debug\bot.tlog\cl.write.1.tlog
d:\workspace\bot\x64\debug\bot.tlog\link.command.1.tlog
d:\workspace\bot\x64\debug\bot.tlog\link.read.1.tlog
d:\workspace\bot\x64\debug\bot.tlog\link.write.1.tlog
