  bot_abilitytemplate.cpp
  bot_app.cpp
  bot_collisionrect.cpp
  bot_color.cpp
  bot_component.cpp
  bot_componenttemplate.cpp
  bot_config.cpp
C:\Users\MengChun\Documents\chun_private\bot\src\bot_config.cpp(33,31): warning C4267: 'initializing': conversion from 'size_t' to 'int', possible loss of data
C:\Users\MengChun\Documents\chun_private\bot\src\bot_config.cpp(50,42): warning C4267: 'initializing': conversion from 'size_t' to 'unsigned int', possible loss of data
C:\Users\MengChun\Documents\chun_private\bot\src\bot_config.cpp(116,38): warning C4267: 'initializing': conversion from 'size_t' to 'unsigned int', possible loss of data
  bot_csvreader.cpp
  bot_gamelib.cpp
  bot_gamemap.cpp
  bot_gameobject.cpp
  bot_gameobjecttemplate.cpp
  bot_gamescreen.cpp
  bot_inputevent.cpp
  bot_inputmanager.cpp
  bot_linkeditem.cpp
  bot_log.cpp
  bot_main.cpp
  bot_nameidmap.cpp
  bot_objectpool.cpp
  Generating Code...
  Compiling...
  bot_polygon.cpp
  bot_queue.cpp
  bot_rectangle.cpp
  bot_screen.cpp
  bot_screenmanager.cpp
  bot_shaderprogram.cpp
C:\Users\MengChun\Documents\chun_private\bot\src\bot_shaderprogram.cpp(39,32): warning C4267: 'initializing': conversion from 'size_t' to 'GLint', possible loss of data
  bot_shape.cpp
  bot_simpleshaderprogram.cpp
C:\Users\MengChun\Documents\chun_private\bot\src\bot_simpleshaderprogram.cpp(84,65): warning C4312: 'type cast': conversion from 'const unsigned int' to 'void *' of greater size
  bot_startscreen.cpp
  bot_textsystem.cpp
  bot_texture.cpp
  bot_timedeltasmoother.cpp
C:\Users\MengChun\Documents\chun_private\bot\src\bot_timedeltasmoother.cpp(26,54): warning C4267: 'initializing': conversion from 'size_t' to 'unsigned int', possible loss of data
C:\Users\MengChun\Documents\chun_private\bot\src\bot_timedeltasmoother.cpp(44,54): warning C4267: 'initializing': conversion from 'size_t' to 'unsigned int', possible loss of data
  bot_utils.cpp
  bot_vertexarray.cpp
  Generating Code...
LINK : warning LNK4098: defaultlib 'MSVCRT' conflicts with use of other libs; use /NODEFAULTLIB:library
  bot.vcxproj -> C:\Users\MengChun\Documents\chun_private\bot\x64\Debug\bot.exe
